-Djava.endorsed.dirs=C:\cygwin64\home\ASUS\apache-tomcat-6.0.53\endorsed is not supported. Endorsed standards and standalone APIs
in modular form will be supported via the concept of upgradeable modules.
Error: Could not create the Java Virtual Machine.
Error: A fatal exception has occurred. Program will exit.
-Djava.endorsed.dirs=C:\cygwin64\home\ASUS\apache-tomcat-6.0.53\endorsed is not supported. Endorsed standards and standalone APIs
in modular form will be supported via the concept of upgradeable modules.
Error: Could not create the Java Virtual Machine.
Error: A fatal exception has occurred. Program will exit.
-Djava.endorsed.dirs=C:\cygwin64\home\ASUS\apache-tomcat-6.0.53\endorsed is not supported. Endorsed standards and standalone APIs
in modular form will be supported via the concept of upgradeable modules.
Error: Could not create the Java Virtual Machine.
Error: A fatal exception has occurred. Program will exit.
-Djava.endorsed.dirs=C:\cygwin64\home\ASUS\apache-tomcat-6.0.53\endorsed is not supported. Endorsed standards and standalone APIs
in modular form will be supported via the concept of upgradeable modules.
Error: Could not create the Java Virtual Machine.
Error: A fatal exception has occurred. Program will exit.
-Djava.endorsed.dirs=C:\cygwin64\home\ASUS\apache-tomcat-6.0.53\endorsed is not supported. Endorsed standards and standalone APIs
in modular form will be supported via the concept of upgradeable modules.
Error: Could not create the Java Virtual Machine.
Error: A fatal exception has occurred. Program will exit.
-Djava.endorsed.dirs=C:\cygwin64\home\ASUS\apache-tomcat-6.0.53\endorsed is not supported. Endorsed standards and standalone APIs
in modular form will be supported via the concept of upgradeable modules.
Error: Could not create the Java Virtual Machine.
Error: A fatal exception has occurred. Program will exit.
-Djava.endorsed.dirs=C:\cygwin64\home\ASUS\apache-tomcat-6.0.53\endorsed is not supported. Endorsed standards and standalone APIs
in modular form will be supported via the concept of upgradeable modules.
Error: Could not create the Java Virtual Machine.
Error: A fatal exception has occurred. Program will exit.
3 Aug, 2023 10:03:15 PM org.apache.catalina.core.AprLifecycleListener init
INFO: The APR based Apache Tomcat Native library which allows optimal performance in production environments was not found on the java.library.path: C:\Program Files\Java\jdk1.6.0_45\bin;C:\WINDOWS\Sun\Java\bin;C:\WINDOWS\system32;C:\WINDOWS;C:\cygwin64\usr\local\bin;C:\cygwin64\bin;C:\Program Files\Common Files\Oracle\Java\javapath;C:\WINDOWS\system32;C:\WINDOWS;C:\WINDOWS\System32\Wbem;C:\WINDOWS\System32\WindowsPowerShell\v1.0;C:\WINDOWS\System32\OpenSSH;C:\ProgramData\chocolatey\bin;C:\Program Files\dotnet;C:\Users\ASUS\AppData\Local\Programs\Python\Python39;C:\Program Files (x86)\Vim\vim82;C:\Program Files\Git\cmd;C:\MinGW\bin;C:\Program Files\nodejs;C:\Program Files\MySQL\MySQL Server 8.0\bin;C:\Program Files (x86)\Vim\vim90;C:\Program Files\CMake\bin;C:\Program Files\opencv\build\x64\vc16\bin;C:\Users\ASUS\AppData\Local\Programs\Python\Python311\Scripts;C:\Users\ASUS\AppData\Local\Programs\Python\Python311;C:\Users\ASUS\AppData\Local\Microsoft\WindowsApps;C:\Program Files\MongoDB\Server\5.0\bin;C:\Program Files\heroku\bin;C:\Program Files\JetBrains\IntelliJ IDEA 2021.3.1\bin;C:\Users\ASUS\AppData\Local\Programs\oh-my-posh\bin;C:\Users\ASUS\AppData\Roaming\npm;C:\Program Files\JetBrains\PyCharm 2022.3\bin;C:\src\flutter\bin;C:\Users\ASUS\AppData\Local\Programs\Microsoft VS Code\bin;.
3 Aug, 2023 10:03:15 PM org.apache.coyote.http11.Http11Protocol init
INFO: Initializing Coyote HTTP/1.1 on http-8080
3 Aug, 2023 10:03:15 PM org.apache.catalina.startup.Catalina load
INFO: Initialization processed in 369 ms
3 Aug, 2023 10:03:15 PM org.apache.catalina.core.StandardService start
INFO: Starting service Catalina
3 Aug, 2023 10:03:15 PM org.apache.catalina.core.StandardEngine start
INFO: Starting Servlet Engine: Apache Tomcat/6.0.53
3 Aug, 2023 10:03:15 PM org.apache.catalina.startup.HostConfig deployWAR
INFO: Deploying web application archive nutch-0.9.war
3 Aug, 2023 10:03:16 PM org.apache.catalina.startup.HostConfig deployDirectory
INFO: Deploying web application directory docs
3 Aug, 2023 10:03:16 PM org.apache.catalina.startup.HostConfig deployDirectory
INFO: Deploying web application directory examples
3 Aug, 2023 10:03:17 PM org.apache.catalina.startup.HostConfig deployDirectory
INFO: Deploying web application directory host-manager
3 Aug, 2023 10:03:17 PM org.apache.catalina.startup.HostConfig deployDirectory
INFO: Deploying web application directory manager
3 Aug, 2023 10:03:17 PM org.apache.catalina.startup.HostConfig deployDirectory
INFO: Deploying web application directory ROOT
3 Aug, 2023 10:03:17 PM org.apache.coyote.http11.Http11Protocol start
INFO: Starting Coyote HTTP/1.1 on http-8080
3 Aug, 2023 10:03:17 PM org.apache.jk.common.ChannelSocket init
INFO: JK: ajp13 listening on /0.0.0.0:8009
3 Aug, 2023 10:03:17 PM org.apache.jk.server.JkMain start
INFO: Jk running ID=0 time=0/11  config=null
3 Aug, 2023 10:03:17 PM org.apache.catalina.startup.Catalina start
INFO: Server startup in 1267 ms
3 Aug, 2023 10:03:38 PM org.apache.catalina.core.AprLifecycleListener init
INFO: The APR based Apache Tomcat Native library which allows optimal performance in production environments was not found on the java.library.path: C:\Program Files\Java\jdk1.6.0_45\bin;C:\WINDOWS\Sun\Java\bin;C:\WINDOWS\system32;C:\WINDOWS;C:\cygwin64\usr\local\bin;C:\cygwin64\bin;C:\Program Files\Common Files\Oracle\Java\javapath;C:\WINDOWS\system32;C:\WINDOWS;C:\WINDOWS\System32\Wbem;C:\WINDOWS\System32\WindowsPowerShell\v1.0;C:\WINDOWS\System32\OpenSSH;C:\ProgramData\chocolatey\bin;C:\Program Files\dotnet;C:\Users\ASUS\AppData\Local\Programs\Python\Python39;C:\Program Files (x86)\Vim\vim82;C:\Program Files\Git\cmd;C:\MinGW\bin;C:\Program Files\nodejs;C:\Program Files\MySQL\MySQL Server 8.0\bin;C:\Program Files (x86)\Vim\vim90;C:\Program Files\CMake\bin;C:\Program Files\opencv\build\x64\vc16\bin;C:\Users\ASUS\AppData\Local\Programs\Python\Python311\Scripts;C:\Users\ASUS\AppData\Local\Programs\Python\Python311;C:\Users\ASUS\AppData\Local\Microsoft\WindowsApps;C:\Program Files\MongoDB\Server\5.0\bin;C:\Program Files\heroku\bin;C:\Program Files\JetBrains\IntelliJ IDEA 2021.3.1\bin;C:\Users\ASUS\AppData\Local\Programs\oh-my-posh\bin;C:\Users\ASUS\AppData\Roaming\npm;C:\Program Files\JetBrains\PyCharm 2022.3\bin;C:\src\flutter\bin;C:\Users\ASUS\AppData\Local\Programs\Microsoft VS Code\bin;.
3 Aug, 2023 10:03:38 PM org.apache.coyote.http11.Http11Protocol init
SEVERE: Error initializing endpoint
java.net.BindException: Address already in use: JVM_Bind <null>:8080
	at org.apache.tomcat.util.net.JIoEndpoint.init(JIoEndpoint.java:563)
	at org.apache.coyote.http11.Http11Protocol.init(Http11Protocol.java:180)
	at org.apache.catalina.connector.Connector.initialize(Connector.java:1141)
	at org.apache.catalina.core.StandardService.initialize(StandardService.java:703)
	at org.apache.catalina.core.StandardServer.initialize(StandardServer.java:845)
	at org.apache.catalina.startup.Catalina.load(Catalina.java:538)
	at org.apache.catalina.startup.Catalina.load(Catalina.java:562)
	at sun.reflect.NativeMethodAccessorImpl.invoke0(Native Method)
	at sun.reflect.NativeMethodAccessorImpl.invoke(NativeMethodAccessorImpl.java:39)
	at sun.reflect.DelegatingMethodAccessorImpl.invoke(DelegatingMethodAccessorImpl.java:25)
	at java.lang.reflect.Method.invoke(Method.java:597)
	at org.apache.catalina.startup.Bootstrap.load(Bootstrap.java:261)
	at org.apache.catalina.startup.Bootstrap.main(Bootstrap.java:413)
Caused by: java.net.BindException: Address already in use: JVM_Bind
	at java.net.PlainSocketImpl.socketBind(Native Method)
	at java.net.PlainSocketImpl.bind(PlainSocketImpl.java:383)
	at java.net.ServerSocket.bind(ServerSocket.java:328)
	at java.net.ServerSocket.<init>(ServerSocket.java:194)
	at java.net.ServerSocket.<init>(ServerSocket.java:150)
	at org.apache.tomcat.util.net.DefaultServerSocketFactory.createSocket(DefaultServerSocketFactory.java:50)
	at org.apache.tomcat.util.net.JIoEndpoint.init(JIoEndpoint.java:552)
	... 12 more
3 Aug, 2023 10:03:38 PM org.apache.catalina.core.StandardService initialize
SEVERE: Failed to initialize connector [Connector[HTTP/1.1-8080]]
LifecycleException:  Protocol handler initialization failed: java.net.BindException: Address already in use: JVM_Bind <null>:8080
	at org.apache.catalina.connector.Connector.initialize(Connector.java:1143)
	at org.apache.catalina.core.StandardService.initialize(StandardService.java:703)
	at org.apache.catalina.core.StandardServer.initialize(StandardServer.java:845)
	at org.apache.catalina.startup.Catalina.load(Catalina.java:538)
	at org.apache.catalina.startup.Catalina.load(Catalina.java:562)
	at sun.reflect.NativeMethodAccessorImpl.invoke0(Native Method)
	at sun.reflect.NativeMethodAccessorImpl.invoke(NativeMethodAccessorImpl.java:39)
	at sun.reflect.DelegatingMethodAccessorImpl.invoke(DelegatingMethodAccessorImpl.java:25)
	at java.lang.reflect.Method.invoke(Method.java:597)
	at org.apache.catalina.startup.Bootstrap.load(Bootstrap.java:261)
	at org.apache.catalina.startup.Bootstrap.main(Bootstrap.java:413)
3 Aug, 2023 10:03:38 PM org.apache.catalina.startup.Catalina load
INFO: Initialization processed in 220 ms
3 Aug, 2023 10:03:38 PM org.apache.catalina.core.StandardService start
INFO: Starting service Catalina
3 Aug, 2023 10:03:38 PM org.apache.catalina.core.StandardEngine start
INFO: Starting Servlet Engine: Apache Tomcat/6.0.53
3 Aug, 2023 10:03:38 PM org.apache.catalina.startup.HostConfig deployDescriptor
INFO: Deploying configuration descriptor host-manager.xml
3 Aug, 2023 10:03:39 PM org.apache.catalina.startup.HostConfig deployDescriptor
INFO: Deploying configuration descriptor manager.xml
3 Aug, 2023 10:03:39 PM org.apache.catalina.startup.HostConfig deployWAR
INFO: Deploying web application archive nutch-0.9.war
3 Aug, 2023 10:03:39 PM org.apache.catalina.startup.HostConfig deployDirectory
INFO: Deploying web application directory docs
3 Aug, 2023 10:03:39 PM org.apache.catalina.startup.HostConfig deployDirectory
INFO: Deploying web application directory examples
3 Aug, 2023 10:03:39 PM org.apache.catalina.startup.HostConfig deployDirectory
INFO: Deploying web application directory ROOT
3 Aug, 2023 10:03:39 PM org.apache.coyote.http11.Http11Protocol start
SEVERE: Error starting endpoint
java.net.BindException: Address already in use: JVM_Bind <null>:8080
	at org.apache.tomcat.util.net.JIoEndpoint.init(JIoEndpoint.java:563)
	at org.apache.tomcat.util.net.JIoEndpoint.start(JIoEndpoint.java:579)
	at org.apache.coyote.http11.Http11Protocol.start(Http11Protocol.java:207)
	at org.apache.catalina.connector.Connector.start(Connector.java:1220)
	at org.apache.catalina.core.StandardService.start(StandardService.java:540)
	at org.apache.catalina.core.StandardServer.start(StandardServer.java:761)
	at org.apache.catalina.startup.Catalina.start(Catalina.java:595)
	at sun.reflect.NativeMethodAccessorImpl.invoke0(Native Method)
	at sun.reflect.NativeMethodAccessorImpl.invoke(NativeMethodAccessorImpl.java:39)
	at sun.reflect.DelegatingMethodAccessorImpl.invoke(DelegatingMethodAccessorImpl.java:25)
	at java.lang.reflect.Method.invoke(Method.java:597)
	at org.apache.catalina.startup.Bootstrap.start(Bootstrap.java:289)
	at org.apache.catalina.startup.Bootstrap.main(Bootstrap.java:414)
Caused by: java.net.BindException: Address already in use: JVM_Bind
	at java.net.PlainSocketImpl.socketBind(Native Method)
	at java.net.PlainSocketImpl.bind(PlainSocketImpl.java:383)
	at java.net.ServerSocket.bind(ServerSocket.java:328)
	at java.net.ServerSocket.<init>(ServerSocket.java:194)
	at java.net.ServerSocket.<init>(ServerSocket.java:150)
	at org.apache.tomcat.util.net.DefaultServerSocketFactory.createSocket(DefaultServerSocketFactory.java:50)
	at org.apache.tomcat.util.net.JIoEndpoint.init(JIoEndpoint.java:552)
	... 12 more
3 Aug, 2023 10:03:39 PM org.apache.catalina.core.StandardService start
SEVERE: Failed to start connector [Connector[HTTP/1.1-8080]]
LifecycleException:  service.getName(): "Catalina";  Protocol handler start failed: java.net.BindException: Address already in use: JVM_Bind <null>:8080
	at org.apache.catalina.connector.Connector.start(Connector.java:1227)
	at org.apache.catalina.core.StandardService.start(StandardService.java:540)
	at org.apache.catalina.core.StandardServer.start(StandardServer.java:761)
	at org.apache.catalina.startup.Catalina.start(Catalina.java:595)
	at sun.reflect.NativeMethodAccessorImpl.invoke0(Native Method)
	at sun.reflect.NativeMethodAccessorImpl.invoke(NativeMethodAccessorImpl.java:39)
	at sun.reflect.DelegatingMethodAccessorImpl.invoke(DelegatingMethodAccessorImpl.java:25)
	at java.lang.reflect.Method.invoke(Method.java:597)
	at org.apache.catalina.startup.Bootstrap.start(Bootstrap.java:289)
	at org.apache.catalina.startup.Bootstrap.main(Bootstrap.java:414)
3 Aug, 2023 10:03:39 PM org.apache.jk.common.ChannelSocket init
INFO: Port busy 8009 java.net.BindException: Address already in use: JVM_Bind
3 Aug, 2023 10:03:39 PM org.apache.jk.common.ChannelSocket init
SEVERE: Can't find free port 8009 8009
3 Aug, 2023 10:03:39 PM org.apache.jk.server.JkMain start
INFO: Jk running ID=0 time=0/5  config=null
3 Aug, 2023 10:03:39 PM org.apache.catalina.startup.Catalina start
INFO: Server startup in 369 ms
3 Aug, 2023 10:03:39 PM org.apache.catalina.core.StandardServer await
SEVERE: StandardServer.await: create[8005]: 
java.net.BindException: Address already in use: JVM_Bind
	at java.net.PlainSocketImpl.socketBind(Native Method)
	at java.net.PlainSocketImpl.bind(PlainSocketImpl.java:383)
	at java.net.ServerSocket.bind(ServerSocket.java:328)
	at java.net.ServerSocket.<init>(ServerSocket.java:194)
	at org.apache.catalina.core.StandardServer.await(StandardServer.java:404)
	at org.apache.catalina.startup.Catalina.await(Catalina.java:676)
	at org.apache.catalina.startup.Catalina.start(Catalina.java:628)
	at sun.reflect.NativeMethodAccessorImpl.invoke0(Native Method)
	at sun.reflect.NativeMethodAccessorImpl.invoke(NativeMethodAccessorImpl.java:39)
	at sun.reflect.DelegatingMethodAccessorImpl.invoke(DelegatingMethodAccessorImpl.java:25)
	at java.lang.reflect.Method.invoke(Method.java:597)
	at org.apache.catalina.startup.Bootstrap.start(Bootstrap.java:289)
	at org.apache.catalina.startup.Bootstrap.main(Bootstrap.java:414)
3 Aug, 2023 10:03:39 PM org.apache.coyote.http11.Http11Protocol pause
INFO: Pausing Coyote HTTP/1.1 on http-8080
3 Aug, 2023 10:03:40 PM org.apache.catalina.core.StandardService stop
INFO: Stopping service Catalina
3 Aug, 2023 10:03:40 PM org.apache.coyote.http11.Http11Protocol destroy
INFO: Stopping Coyote HTTP/1.1 on http-8080
3 Aug, 2023 10:04:07 PM org.apache.catalina.core.AprLifecycleListener init
INFO: The APR based Apache Tomcat Native library which allows optimal performance in production environments was not found on the java.library.path: C:\Program Files\Java\jdk1.6.0_45\bin;C:\WINDOWS\Sun\Java\bin;C:\WINDOWS\system32;C:\WINDOWS;C:\cygwin64\usr\local\bin;C:\cygwin64\bin;C:\Program Files\Common Files\Oracle\Java\javapath;C:\WINDOWS\system32;C:\WINDOWS;C:\WINDOWS\System32\Wbem;C:\WINDOWS\System32\WindowsPowerShell\v1.0;C:\WINDOWS\System32\OpenSSH;C:\ProgramData\chocolatey\bin;C:\Program Files\dotnet;C:\Users\ASUS\AppData\Local\Programs\Python\Python39;C:\Program Files (x86)\Vim\vim82;C:\Program Files\Git\cmd;C:\MinGW\bin;C:\Program Files\nodejs;C:\Program Files\MySQL\MySQL Server 8.0\bin;C:\Program Files (x86)\Vim\vim90;C:\Program Files\CMake\bin;C:\Program Files\opencv\build\x64\vc16\bin;C:\Users\ASUS\AppData\Local\Programs\Python\Python311\Scripts;C:\Users\ASUS\AppData\Local\Programs\Python\Python311;C:\Users\ASUS\AppData\Local\Microsoft\WindowsApps;C:\Program Files\MongoDB\Server\5.0\bin;C:\Program Files\heroku\bin;C:\Program Files\JetBrains\IntelliJ IDEA 2021.3.1\bin;C:\Users\ASUS\AppData\Local\Programs\oh-my-posh\bin;C:\Users\ASUS\AppData\Roaming\npm;C:\Program Files\JetBrains\PyCharm 2022.3\bin;C:\src\flutter\bin;C:\Users\ASUS\AppData\Local\Programs\Microsoft VS Code\bin;.
3 Aug, 2023 10:04:07 PM org.apache.coyote.http11.Http11Protocol init
SEVERE: Error initializing endpoint
java.net.BindException: Address already in use: JVM_Bind <null>:8080
	at org.apache.tomcat.util.net.JIoEndpoint.init(JIoEndpoint.java:563)
	at org.apache.coyote.http11.Http11Protocol.init(Http11Protocol.java:180)
	at org.apache.catalina.connector.Connector.initialize(Connector.java:1141)
	at org.apache.catalina.core.StandardService.initialize(StandardService.java:703)
	at org.apache.catalina.core.StandardServer.initialize(StandardServer.java:845)
	at org.apache.catalina.startup.Catalina.load(Catalina.java:538)
	at org.apache.catalina.startup.Catalina.load(Catalina.java:562)
	at sun.reflect.NativeMethodAccessorImpl.invoke0(Native Method)
	at sun.reflect.NativeMethodAccessorImpl.invoke(NativeMethodAccessorImpl.java:39)
	at sun.reflect.DelegatingMethodAccessorImpl.invoke(DelegatingMethodAccessorImpl.java:25)
	at java.lang.reflect.Method.invoke(Method.java:597)
	at org.apache.catalina.startup.Bootstrap.load(Bootstrap.java:261)
	at org.apache.catalina.startup.Bootstrap.main(Bootstrap.java:413)
Caused by: java.net.BindException: Address already in use: JVM_Bind
	at java.net.PlainSocketImpl.socketBind(Native Method)
	at java.net.PlainSocketImpl.bind(PlainSocketImpl.java:383)
	at java.net.ServerSocket.bind(ServerSocket.java:328)
	at java.net.ServerSocket.<init>(ServerSocket.java:194)
	at java.net.ServerSocket.<init>(ServerSocket.java:150)
	at org.apache.tomcat.util.net.DefaultServerSocketFactory.createSocket(DefaultServerSocketFactory.java:50)
	at org.apache.tomcat.util.net.JIoEndpoint.init(JIoEndpoint.java:552)
	... 12 more
3 Aug, 2023 10:04:07 PM org.apache.catalina.core.StandardService initialize
SEVERE: Failed to initialize connector [Connector[HTTP/1.1-8080]]
LifecycleException:  Protocol handler initialization failed: java.net.BindException: Address already in use: JVM_Bind <null>:8080
	at org.apache.catalina.connector.Connector.initialize(Connector.java:1143)
	at org.apache.catalina.core.StandardService.initialize(StandardService.java:703)
	at org.apache.catalina.core.StandardServer.initialize(StandardServer.java:845)
	at org.apache.catalina.startup.Catalina.load(Catalina.java:538)
	at org.apache.catalina.startup.Catalina.load(Catalina.java:562)
	at sun.reflect.NativeMethodAccessorImpl.invoke0(Native Method)
	at sun.reflect.NativeMethodAccessorImpl.invoke(NativeMethodAccessorImpl.java:39)
	at sun.reflect.DelegatingMethodAccessorImpl.invoke(DelegatingMethodAccessorImpl.java:25)
	at java.lang.reflect.Method.invoke(Method.java:597)
	at org.apache.catalina.startup.Bootstrap.load(Bootstrap.java:261)
	at org.apache.catalina.startup.Bootstrap.main(Bootstrap.java:413)
3 Aug, 2023 10:04:07 PM org.apache.catalina.startup.Catalina load
INFO: Initialization processed in 211 ms
3 Aug, 2023 10:04:07 PM org.apache.catalina.core.StandardService start
INFO: Starting service Catalina
3 Aug, 2023 10:04:07 PM org.apache.catalina.core.StandardEngine start
INFO: Starting Servlet Engine: Apache Tomcat/6.0.53
3 Aug, 2023 10:04:07 PM org.apache.catalina.startup.HostConfig deployDescriptor
INFO: Deploying configuration descriptor host-manager.xml
3 Aug, 2023 10:04:07 PM org.apache.catalina.startup.HostConfig deployDescriptor
INFO: Deploying configuration descriptor manager.xml
3 Aug, 2023 10:04:07 PM org.apache.catalina.startup.HostConfig deployWAR
INFO: Deploying web application archive nutch-0.9.war
3 Aug, 2023 10:04:08 PM org.apache.catalina.startup.HostConfig deployDirectory
INFO: Deploying web application directory docs
3 Aug, 2023 10:04:08 PM org.apache.catalina.startup.HostConfig deployDirectory
INFO: Deploying web application directory examples
3 Aug, 2023 10:04:08 PM org.apache.catalina.startup.HostConfig deployDirectory
INFO: Deploying web application directory ROOT
3 Aug, 2023 10:04:08 PM org.apache.coyote.http11.Http11Protocol start
SEVERE: Error starting endpoint
java.net.BindException: Address already in use: JVM_Bind <null>:8080
	at org.apache.tomcat.util.net.JIoEndpoint.init(JIoEndpoint.java:563)
	at org.apache.tomcat.util.net.JIoEndpoint.start(JIoEndpoint.java:579)
	at org.apache.coyote.http11.Http11Protocol.start(Http11Protocol.java:207)
	at org.apache.catalina.connector.Connector.start(Connector.java:1220)
	at org.apache.catalina.core.StandardService.start(StandardService.java:540)
	at org.apache.catalina.core.StandardServer.start(StandardServer.java:761)
	at org.apache.catalina.startup.Catalina.start(Catalina.java:595)
	at sun.reflect.NativeMethodAccessorImpl.invoke0(Native Method)
	at sun.reflect.NativeMethodAccessorImpl.invoke(NativeMethodAccessorImpl.java:39)
	at sun.reflect.DelegatingMethodAccessorImpl.invoke(DelegatingMethodAccessorImpl.java:25)
	at java.lang.reflect.Method.invoke(Method.java:597)
	at org.apache.catalina.startup.Bootstrap.start(Bootstrap.java:289)
	at org.apache.catalina.startup.Bootstrap.main(Bootstrap.java:414)
Caused by: java.net.BindException: Address already in use: JVM_Bind
	at java.net.PlainSocketImpl.socketBind(Native Method)
	at java.net.PlainSocketImpl.bind(PlainSocketImpl.java:383)
	at java.net.ServerSocket.bind(ServerSocket.java:328)
	at java.net.ServerSocket.<init>(ServerSocket.java:194)
	at java.net.ServerSocket.<init>(ServerSocket.java:150)
	at org.apache.tomcat.util.net.DefaultServerSocketFactory.createSocket(DefaultServerSocketFactory.java:50)
	at org.apache.tomcat.util.net.JIoEndpoint.init(JIoEndpoint.java:552)
	... 12 more
3 Aug, 2023 10:04:08 PM org.apache.catalina.core.StandardService start
SEVERE: Failed to start connector [Connector[HTTP/1.1-8080]]
LifecycleException:  service.getName(): "Catalina";  Protocol handler start failed: java.net.BindException: Address already in use: JVM_Bind <null>:8080
	at org.apache.catalina.connector.Connector.start(Connector.java:1227)
	at org.apache.catalina.core.StandardService.start(StandardService.java:540)
	at org.apache.catalina.core.StandardServer.start(StandardServer.java:761)
	at org.apache.catalina.startup.Catalina.start(Catalina.java:595)
	at sun.reflect.NativeMethodAccessorImpl.invoke0(Native Method)
	at sun.reflect.NativeMethodAccessorImpl.invoke(NativeMethodAccessorImpl.java:39)
	at sun.reflect.DelegatingMethodAccessorImpl.invoke(DelegatingMethodAccessorImpl.java:25)
	at java.lang.reflect.Method.invoke(Method.java:597)
	at org.apache.catalina.startup.Bootstrap.start(Bootstrap.java:289)
	at org.apache.catalina.startup.Bootstrap.main(Bootstrap.java:414)
3 Aug, 2023 10:04:08 PM org.apache.jk.common.ChannelSocket init
INFO: Port busy 8009 java.net.BindException: Address already in use: JVM_Bind
3 Aug, 2023 10:04:08 PM org.apache.jk.common.ChannelSocket init
SEVERE: Can't find free port 8009 8009
3 Aug, 2023 10:04:08 PM org.apache.jk.server.JkMain start
INFO: Jk running ID=0 time=0/4  config=null
3 Aug, 2023 10:04:08 PM org.apache.catalina.startup.Catalina start
INFO: Server startup in 338 ms
3 Aug, 2023 10:04:08 PM org.apache.catalina.core.StandardServer await
SEVERE: StandardServer.await: create[8005]: 
java.net.BindException: Address already in use: JVM_Bind
	at java.net.PlainSocketImpl.socketBind(Native Method)
	at java.net.PlainSocketImpl.bind(PlainSocketImpl.java:383)
	at java.net.ServerSocket.bind(ServerSocket.java:328)
	at java.net.ServerSocket.<init>(ServerSocket.java:194)
	at org.apache.catalina.core.StandardServer.await(StandardServer.java:404)
	at org.apache.catalina.startup.Catalina.await(Catalina.java:676)
	at org.apache.catalina.startup.Catalina.start(Catalina.java:628)
	at sun.reflect.NativeMethodAccessorImpl.invoke0(Native Method)
	at sun.reflect.NativeMethodAccessorImpl.invoke(NativeMethodAccessorImpl.java:39)
	at sun.reflect.DelegatingMethodAccessorImpl.invoke(DelegatingMethodAccessorImpl.java:25)
	at java.lang.reflect.Method.invoke(Method.java:597)
	at org.apache.catalina.startup.Bootstrap.start(Bootstrap.java:289)
	at org.apache.catalina.startup.Bootstrap.main(Bootstrap.java:414)
3 Aug, 2023 10:04:08 PM org.apache.coyote.http11.Http11Protocol pause
INFO: Pausing Coyote HTTP/1.1 on http-8080
3 Aug, 2023 10:04:09 PM org.apache.catalina.core.StandardService stop
INFO: Stopping service Catalina
3 Aug, 2023 10:04:09 PM org.apache.coyote.http11.Http11Protocol destroy
INFO: Stopping Coyote HTTP/1.1 on http-8080
3 Aug, 2023 10:09:54 PM org.apache.catalina.core.AprLifecycleListener init
INFO: The APR based Apache Tomcat Native library which allows optimal performance in production environments was not found on the java.library.path: C:\Program Files\Java\jdk1.6.0_45\bin;C:\WINDOWS\Sun\Java\bin;C:\WINDOWS\system32;C:\WINDOWS;C:\cygwin64\usr\local\bin;C:\cygwin64\bin;C:\Program Files\Common Files\Oracle\Java\javapath;C:\WINDOWS\system32;C:\WINDOWS;C:\WINDOWS\System32\Wbem;C:\WINDOWS\System32\WindowsPowerShell\v1.0;C:\WINDOWS\System32\OpenSSH;C:\ProgramData\chocolatey\bin;C:\Program Files\dotnet;C:\Users\ASUS\AppData\Local\Programs\Python\Python39;C:\Program Files (x86)\Vim\vim82;C:\Program Files\Git\cmd;C:\MinGW\bin;C:\Program Files\nodejs;C:\Program Files\MySQL\MySQL Server 8.0\bin;C:\Program Files (x86)\Vim\vim90;C:\Program Files\CMake\bin;C:\Program Files\opencv\build\x64\vc16\bin;C:\Users\ASUS\AppData\Local\Programs\Python\Python311\Scripts;C:\Users\ASUS\AppData\Local\Programs\Python\Python311;C:\Users\ASUS\AppData\Local\Microsoft\WindowsApps;C:\Program Files\MongoDB\Server\5.0\bin;C:\Program Files\heroku\bin;C:\Program Files\JetBrains\IntelliJ IDEA 2021.3.1\bin;C:\Users\ASUS\AppData\Local\Programs\oh-my-posh\bin;C:\Users\ASUS\AppData\Roaming\npm;C:\Program Files\JetBrains\PyCharm 2022.3\bin;C:\src\flutter\bin;C:\Users\ASUS\AppData\Local\Programs\Microsoft VS Code\bin;C:\PROGRA~1\Java\jdk1.6.0_45\bin;.
3 Aug, 2023 10:09:55 PM org.apache.coyote.http11.Http11Protocol init
INFO: Initializing Coyote HTTP/1.1 on http-8000
3 Aug, 2023 10:09:55 PM org.apache.catalina.startup.Catalina load
INFO: Initialization processed in 198 ms
3 Aug, 2023 10:09:55 PM org.apache.catalina.core.StandardService start
INFO: Starting service Catalina
3 Aug, 2023 10:09:55 PM org.apache.catalina.core.StandardEngine start
INFO: Starting Servlet Engine: Apache Tomcat/6.0.53
3 Aug, 2023 10:09:55 PM org.apache.catalina.startup.HostConfig deployDescriptor
INFO: Deploying configuration descriptor host-manager.xml
3 Aug, 2023 10:09:55 PM org.apache.catalina.startup.HostConfig deployDescriptor
INFO: Deploying configuration descriptor manager.xml
3 Aug, 2023 10:09:55 PM org.apache.catalina.startup.HostConfig deployWAR
INFO: Deploying web application archive nutch-0.9.war
3 Aug, 2023 10:09:55 PM org.apache.catalina.startup.HostConfig deployDirectory
INFO: Deploying web application directory docs
3 Aug, 2023 10:09:55 PM org.apache.catalina.startup.HostConfig deployDirectory
INFO: Deploying web application directory examples
3 Aug, 2023 10:09:55 PM org.apache.catalina.startup.HostConfig deployDirectory
INFO: Deploying web application directory ROOT
3 Aug, 2023 10:09:55 PM org.apache.coyote.http11.Http11Protocol start
INFO: Starting Coyote HTTP/1.1 on http-8000
3 Aug, 2023 10:09:55 PM org.apache.jk.common.ChannelSocket init
INFO: Port busy 8009 java.net.BindException: Address already in use: JVM_Bind
3 Aug, 2023 10:09:55 PM org.apache.jk.common.ChannelSocket init
SEVERE: Can't find free port 8009 8009
3 Aug, 2023 10:09:55 PM org.apache.jk.server.JkMain start
INFO: Jk running ID=0 time=0/0  config=null
3 Aug, 2023 10:09:55 PM org.apache.catalina.startup.Catalina start
INFO: Server startup in 368 ms
3 Aug, 2023 10:09:55 PM org.apache.catalina.core.StandardServer await
SEVERE: StandardServer.await: create[8005]: 
java.net.BindException: Address already in use: JVM_Bind
	at java.net.PlainSocketImpl.socketBind(Native Method)
	at java.net.PlainSocketImpl.bind(PlainSocketImpl.java:383)
	at java.net.ServerSocket.bind(ServerSocket.java:328)
	at java.net.ServerSocket.<init>(ServerSocket.java:194)
	at org.apache.catalina.core.StandardServer.await(StandardServer.java:404)
	at org.apache.catalina.startup.Catalina.await(Catalina.java:676)
	at org.apache.catalina.startup.Catalina.start(Catalina.java:628)
	at sun.reflect.NativeMethodAccessorImpl.invoke0(Native Method)
	at sun.reflect.NativeMethodAccessorImpl.invoke(NativeMethodAccessorImpl.java:39)
	at sun.reflect.DelegatingMethodAccessorImpl.invoke(DelegatingMethodAccessorImpl.java:25)
	at java.lang.reflect.Method.invoke(Method.java:597)
	at org.apache.catalina.startup.Bootstrap.start(Bootstrap.java:289)
	at org.apache.catalina.startup.Bootstrap.main(Bootstrap.java:414)
3 Aug, 2023 10:09:55 PM org.apache.coyote.http11.Http11Protocol pause
INFO: Pausing Coyote HTTP/1.1 on http-8000
3 Aug, 2023 10:09:56 PM org.apache.catalina.core.StandardService stop
INFO: Stopping service Catalina
3 Aug, 2023 10:09:56 PM org.apache.coyote.http11.Http11Protocol destroy
INFO: Stopping Coyote HTTP/1.1 on http-8000
3 Aug, 2023 10:12:03 PM org.apache.catalina.core.AprLifecycleListener init
INFO: The APR based Apache Tomcat Native library which allows optimal performance in production environments was not found on the java.library.path: C:\Program Files\Java\jdk1.6.0_45\bin;C:\WINDOWS\Sun\Java\bin;C:\WINDOWS\system32;C:\WINDOWS;C:\cygwin64\usr\local\bin;C:\cygwin64\bin;C:\Program Files\Common Files\Oracle\Java\javapath;C:\WINDOWS\system32;C:\WINDOWS;C:\WINDOWS\System32\Wbem;C:\WINDOWS\System32\WindowsPowerShell\v1.0;C:\WINDOWS\System32\OpenSSH;C:\ProgramData\chocolatey\bin;C:\Program Files\dotnet;C:\Users\ASUS\AppData\Local\Programs\Python\Python39;C:\Program Files (x86)\Vim\vim82;C:\Program Files\Git\cmd;C:\MinGW\bin;C:\Program Files\nodejs;C:\Program Files\MySQL\MySQL Server 8.0\bin;C:\Program Files (x86)\Vim\vim90;C:\Program Files\CMake\bin;C:\Program Files\opencv\build\x64\vc16\bin;C:\Users\ASUS\AppData\Local\Programs\Python\Python311\Scripts;C:\Users\ASUS\AppData\Local\Programs\Python\Python311;C:\Users\ASUS\AppData\Local\Microsoft\WindowsApps;C:\Program Files\MongoDB\Server\5.0\bin;C:\Program Files\heroku\bin;C:\Program Files\JetBrains\IntelliJ IDEA 2021.3.1\bin;C:\Users\ASUS\AppData\Local\Programs\oh-my-posh\bin;C:\Users\ASUS\AppData\Roaming\npm;C:\Program Files\JetBrains\PyCharm 2022.3\bin;C:\src\flutter\bin;C:\Users\ASUS\AppData\Local\Programs\Microsoft VS Code\bin;C:\PROGRA~1\Java\jdk1.6.0_45\bin;.
3 Aug, 2023 10:12:03 PM org.apache.coyote.http11.Http11Protocol init
INFO: Initializing Coyote HTTP/1.1 on http-8080
3 Aug, 2023 10:12:03 PM org.apache.catalina.startup.Catalina load
INFO: Initialization processed in 203 ms
3 Aug, 2023 10:12:03 PM org.apache.catalina.core.StandardService start
INFO: Starting service Catalina
3 Aug, 2023 10:12:03 PM org.apache.catalina.core.StandardEngine start
INFO: Starting Servlet Engine: Apache Tomcat/6.0.53
3 Aug, 2023 10:12:03 PM org.apache.catalina.startup.HostConfig deployDescriptor
INFO: Deploying configuration descriptor host-manager.xml
3 Aug, 2023 10:12:03 PM org.apache.catalina.startup.HostConfig deployDescriptor
INFO: Deploying configuration descriptor manager.xml
3 Aug, 2023 10:12:03 PM org.apache.catalina.startup.HostConfig deployWAR
INFO: Deploying web application archive nutch-0.9.war
3 Aug, 2023 10:12:03 PM org.apache.catalina.startup.HostConfig deployDirectory
INFO: Deploying web application directory docs
3 Aug, 2023 10:12:03 PM org.apache.catalina.startup.HostConfig deployDirectory
INFO: Deploying web application directory examples
3 Aug, 2023 10:12:03 PM org.apache.catalina.startup.HostConfig deployDirectory
INFO: Deploying web application directory ROOT
3 Aug, 2023 10:12:03 PM org.apache.coyote.http11.Http11Protocol start
INFO: Starting Coyote HTTP/1.1 on http-8080
3 Aug, 2023 10:12:03 PM org.apache.jk.common.ChannelSocket init
INFO: JK: ajp13 listening on /0.0.0.0:8009
3 Aug, 2023 10:12:03 PM org.apache.jk.server.JkMain start
INFO: Jk running ID=0 time=0/11  config=null
3 Aug, 2023 10:12:04 PM org.apache.catalina.startup.Catalina start
INFO: Server startup in 337 ms
3 Aug, 2023 10:12:21 PM org.apache.catalina.core.AprLifecycleListener init
INFO: The APR based Apache Tomcat Native library which allows optimal performance in production environments was not found on the java.library.path: C:\Program Files\Java\jdk1.6.0_45\bin;C:\WINDOWS\Sun\Java\bin;C:\WINDOWS\system32;C:\WINDOWS;C:\cygwin64\usr\local\bin;C:\cygwin64\bin;C:\Program Files\Common Files\Oracle\Java\javapath;C:\WINDOWS\system32;C:\WINDOWS;C:\WINDOWS\System32\Wbem;C:\WINDOWS\System32\WindowsPowerShell\v1.0;C:\WINDOWS\System32\OpenSSH;C:\ProgramData\chocolatey\bin;C:\Program Files\dotnet;C:\Users\ASUS\AppData\Local\Programs\Python\Python39;C:\Program Files (x86)\Vim\vim82;C:\Program Files\Git\cmd;C:\MinGW\bin;C:\Program Files\nodejs;C:\Program Files\MySQL\MySQL Server 8.0\bin;C:\Program Files (x86)\Vim\vim90;C:\Program Files\CMake\bin;C:\Program Files\opencv\build\x64\vc16\bin;C:\Users\ASUS\AppData\Local\Programs\Python\Python311\Scripts;C:\Users\ASUS\AppData\Local\Programs\Python\Python311;C:\Users\ASUS\AppData\Local\Microsoft\WindowsApps;C:\Program Files\MongoDB\Server\5.0\bin;C:\Program Files\heroku\bin;C:\Program Files\JetBrains\IntelliJ IDEA 2021.3.1\bin;C:\Users\ASUS\AppData\Local\Programs\oh-my-posh\bin;C:\Users\ASUS\AppData\Roaming\npm;C:\Program Files\JetBrains\PyCharm 2022.3\bin;C:\src\flutter\bin;C:\Users\ASUS\AppData\Local\Programs\Microsoft VS Code\bin;C:\PROGRA~1\Java\jdk1.6.0_45\bin;.
3 Aug, 2023 10:12:21 PM org.apache.coyote.http11.Http11Protocol init
SEVERE: Error initializing endpoint
java.net.BindException: Address already in use: JVM_Bind <null>:8080
	at org.apache.tomcat.util.net.JIoEndpoint.init(JIoEndpoint.java:563)
	at org.apache.coyote.http11.Http11Protocol.init(Http11Protocol.java:180)
	at org.apache.catalina.connector.Connector.initialize(Connector.java:1141)
	at org.apache.catalina.core.StandardService.initialize(StandardService.java:703)
	at org.apache.catalina.core.StandardServer.initialize(StandardServer.java:845)
	at org.apache.catalina.startup.Catalina.load(Catalina.java:538)
	at org.apache.catalina.startup.Catalina.load(Catalina.java:562)
	at sun.reflect.NativeMethodAccessorImpl.invoke0(Native Method)
	at sun.reflect.NativeMethodAccessorImpl.invoke(NativeMethodAccessorImpl.java:39)
	at sun.reflect.DelegatingMethodAccessorImpl.invoke(DelegatingMethodAccessorImpl.java:25)
	at java.lang.reflect.Method.invoke(Method.java:597)
	at org.apache.catalina.startup.Bootstrap.load(Bootstrap.java:261)
	at org.apache.catalina.startup.Bootstrap.main(Bootstrap.java:413)
Caused by: java.net.BindException: Address already in use: JVM_Bind
	at java.net.PlainSocketImpl.socketBind(Native Method)
	at java.net.PlainSocketImpl.bind(PlainSocketImpl.java:383)
	at java.net.ServerSocket.bind(ServerSocket.java:328)
	at java.net.ServerSocket.<init>(ServerSocket.java:194)
	at java.net.ServerSocket.<init>(ServerSocket.java:150)
	at org.apache.tomcat.util.net.DefaultServerSocketFactory.createSocket(DefaultServerSocketFactory.java:50)
	at org.apache.tomcat.util.net.JIoEndpoint.init(JIoEndpoint.java:552)
	... 12 more
3 Aug, 2023 10:12:21 PM org.apache.catalina.core.StandardService initialize
SEVERE: Failed to initialize connector [Connector[HTTP/1.1-8080]]
LifecycleException:  Protocol handler initialization failed: java.net.BindException: Address already in use: JVM_Bind <null>:8080
	at org.apache.catalina.connector.Connector.initialize(Connector.java:1143)
	at org.apache.catalina.core.StandardService.initialize(StandardService.java:703)
	at org.apache.catalina.core.StandardServer.initialize(StandardServer.java:845)
	at org.apache.catalina.startup.Catalina.load(Catalina.java:538)
	at org.apache.catalina.startup.Catalina.load(Catalina.java:562)
	at sun.reflect.NativeMethodAccessorImpl.invoke0(Native Method)
	at sun.reflect.NativeMethodAccessorImpl.invoke(NativeMethodAccessorImpl.java:39)
	at sun.reflect.DelegatingMethodAccessorImpl.invoke(DelegatingMethodAccessorImpl.java:25)
	at java.lang.reflect.Method.invoke(Method.java:597)
	at org.apache.catalina.startup.Bootstrap.load(Bootstrap.java:261)
	at org.apache.catalina.startup.Bootstrap.main(Bootstrap.java:413)
3 Aug, 2023 10:12:21 PM org.apache.catalina.startup.Catalina load
INFO: Initialization processed in 246 ms
3 Aug, 2023 10:12:21 PM org.apache.catalina.core.StandardService start
INFO: Starting service Catalina
3 Aug, 2023 10:12:21 PM org.apache.catalina.core.StandardEngine start
INFO: Starting Servlet Engine: Apache Tomcat/6.0.53
3 Aug, 2023 10:12:21 PM org.apache.catalina.startup.HostConfig deployDescriptor
INFO: Deploying configuration descriptor host-manager.xml
3 Aug, 2023 10:12:21 PM org.apache.catalina.startup.HostConfig deployDescriptor
INFO: Deploying configuration descriptor manager.xml
3 Aug, 2023 10:12:21 PM org.apache.catalina.startup.HostConfig deployWAR
INFO: Deploying web application archive nutch-0.9.war
3 Aug, 2023 10:12:21 PM org.apache.catalina.startup.HostConfig deployDirectory
INFO: Deploying web application directory docs
3 Aug, 2023 10:12:21 PM org.apache.catalina.startup.HostConfig deployDirectory
INFO: Deploying web application directory examples
3 Aug, 2023 10:12:21 PM org.apache.catalina.startup.HostConfig deployDirectory
INFO: Deploying web application directory ROOT
3 Aug, 2023 10:12:21 PM org.apache.coyote.http11.Http11Protocol start
SEVERE: Error starting endpoint
java.net.BindException: Address already in use: JVM_Bind <null>:8080
	at org.apache.tomcat.util.net.JIoEndpoint.init(JIoEndpoint.java:563)
	at org.apache.tomcat.util.net.JIoEndpoint.start(JIoEndpoint.java:579)
	at org.apache.coyote.http11.Http11Protocol.start(Http11Protocol.java:207)
	at org.apache.catalina.connector.Connector.start(Connector.java:1220)
	at org.apache.catalina.core.StandardService.start(StandardService.java:540)
	at org.apache.catalina.core.StandardServer.start(StandardServer.java:761)
	at org.apache.catalina.startup.Catalina.start(Catalina.java:595)
	at sun.reflect.NativeMethodAccessorImpl.invoke0(Native Method)
	at sun.reflect.NativeMethodAccessorImpl.invoke(NativeMethodAccessorImpl.java:39)
	at sun.reflect.DelegatingMethodAccessorImpl.invoke(DelegatingMethodAccessorImpl.java:25)
	at java.lang.reflect.Method.invoke(Method.java:597)
	at org.apache.catalina.startup.Bootstrap.start(Bootstrap.java:289)
	at org.apache.catalina.startup.Bootstrap.main(Bootstrap.java:414)
Caused by: java.net.BindException: Address already in use: JVM_Bind
	at java.net.PlainSocketImpl.socketBind(Native Method)
	at java.net.PlainSocketImpl.bind(PlainSocketImpl.java:383)
	at java.net.ServerSocket.bind(ServerSocket.java:328)
	at java.net.ServerSocket.<init>(ServerSocket.java:194)
	at java.net.ServerSocket.<init>(ServerSocket.java:150)
	at org.apache.tomcat.util.net.DefaultServerSocketFactory.createSocket(DefaultServerSocketFactory.java:50)
	at org.apache.tomcat.util.net.JIoEndpoint.init(JIoEndpoint.java:552)
	... 12 more
3 Aug, 2023 10:12:21 PM org.apache.catalina.core.StandardService start
SEVERE: Failed to start connector [Connector[HTTP/1.1-8080]]
LifecycleException:  service.getName(): "Catalina";  Protocol handler start failed: java.net.BindException: Address already in use: JVM_Bind <null>:8080
	at org.apache.catalina.connector.Connector.start(Connector.java:1227)
	at org.apache.catalina.core.StandardService.start(StandardService.java:540)
	at org.apache.catalina.core.StandardServer.start(StandardServer.java:761)
	at org.apache.catalina.startup.Catalina.start(Catalina.java:595)
	at sun.reflect.NativeMethodAccessorImpl.invoke0(Native Method)
	at sun.reflect.NativeMethodAccessorImpl.invoke(NativeMethodAccessorImpl.java:39)
	at sun.reflect.DelegatingMethodAccessorImpl.invoke(DelegatingMethodAccessorImpl.java:25)
	at java.lang.reflect.Method.invoke(Method.java:597)
	at org.apache.catalina.startup.Bootstrap.start(Bootstrap.java:289)
	at org.apache.catalina.startup.Bootstrap.main(Bootstrap.java:414)
3 Aug, 2023 10:12:21 PM org.apache.jk.common.ChannelSocket init
INFO: Port busy 8009 java.net.BindException: Address already in use: JVM_Bind
3 Aug, 2023 10:12:21 PM org.apache.jk.common.ChannelSocket init
SEVERE: Can't find free port 8009 8009
3 Aug, 2023 10:12:21 PM org.apache.jk.server.JkMain start
INFO: Jk running ID=0 time=0/15  config=null
3 Aug, 2023 10:12:21 PM org.apache.catalina.startup.Catalina start
INFO: Server startup in 340 ms
3 Aug, 2023 10:12:21 PM org.apache.catalina.core.StandardServer await
SEVERE: StandardServer.await: create[8005]: 
java.net.BindException: Address already in use: JVM_Bind
	at java.net.PlainSocketImpl.socketBind(Native Method)
	at java.net.PlainSocketImpl.bind(PlainSocketImpl.java:383)
	at java.net.ServerSocket.bind(ServerSocket.java:328)
	at java.net.ServerSocket.<init>(ServerSocket.java:194)
	at org.apache.catalina.core.StandardServer.await(StandardServer.java:404)
	at org.apache.catalina.startup.Catalina.await(Catalina.java:676)
	at org.apache.catalina.startup.Catalina.start(Catalina.java:628)
	at sun.reflect.NativeMethodAccessorImpl.invoke0(Native Method)
	at sun.reflect.NativeMethodAccessorImpl.invoke(NativeMethodAccessorImpl.java:39)
	at sun.reflect.DelegatingMethodAccessorImpl.invoke(DelegatingMethodAccessorImpl.java:25)
	at java.lang.reflect.Method.invoke(Method.java:597)
	at org.apache.catalina.startup.Bootstrap.start(Bootstrap.java:289)
	at org.apache.catalina.startup.Bootstrap.main(Bootstrap.java:414)
3 Aug, 2023 10:12:21 PM org.apache.coyote.http11.Http11Protocol pause
INFO: Pausing Coyote HTTP/1.1 on http-8080
3 Aug, 2023 10:12:22 PM org.apache.catalina.core.StandardService stop
INFO: Stopping service Catalina
3 Aug, 2023 10:12:22 PM org.apache.coyote.http11.Http11Protocol destroy
INFO: Stopping Coyote HTTP/1.1 on http-8080
5 Aug, 2023 6:49:16 PM org.apache.catalina.core.AprLifecycleListener init
INFO: The APR based Apache Tomcat Native library which allows optimal performance in production environments was not found on the java.library.path: C:\Program Files\Java\jdk1.6.0_45\bin;C:\WINDOWS\Sun\Java\bin;C:\WINDOWS\system32;C:\WINDOWS;C:\cygwin64\usr\local\bin;C:\cygwin64\bin;C:\VulkanSDK\1.3.250.1\Bin;C:\Program Files\Common Files\Oracle\Java\javapath;C:\WINDOWS\system32;C:\WINDOWS;C:\WINDOWS\System32\Wbem;C:\WINDOWS\System32\WindowsPowerShell\v1.0;C:\WINDOWS\System32\OpenSSH;C:\ProgramData\chocolatey\bin;C:\Program Files\dotnet;C:\Users\ASUS\AppData\Local\Programs\Python\Python39;C:\Program Files (x86)\Vim\vim82;C:\Program Files\Git\cmd;C:\MinGW\bin;C:\Program Files\nodejs;C:\Program Files\MySQL\MySQL Server 8.0\bin;C:\Program Files (x86)\Vim\vim90;C:\Program Files\CMake\bin;C:\Program Files\opencv\build\x64\vc16\bin;C:\Users\ASUS\AppData\Local\Programs\Python\Python311\Scripts;C:\Users\ASUS\AppData\Local\Programs\Python\Python311;C:\Users\ASUS\AppData\Local\Microsoft\WindowsApps;C:\Program Files\MongoDB\Server\5.0\bin;C:\Program Files\heroku\bin;C:\Program Files\JetBrains\IntelliJ IDEA 2021.3.1\bin;C:\Users\ASUS\AppData\Local\Programs\oh-my-posh\bin;C:\Users\ASUS\AppData\Roaming\npm;C:\Program Files\JetBrains\PyCharm 2022.3\bin;C:\src\flutter\bin;C:\Users\ASUS\AppData\Local\Programs\Microsoft VS Code\bin;C:\PROGRA~1\Java\jdk1.6.0_45\bin;.
5 Aug, 2023 6:49:16 PM org.apache.coyote.http11.Http11Protocol init
INFO: Initializing Coyote HTTP/1.1 on http-8081
5 Aug, 2023 6:49:16 PM org.apache.catalina.startup.Catalina load
INFO: Initialization processed in 364 ms
5 Aug, 2023 6:49:16 PM org.apache.catalina.core.StandardService start
INFO: Starting service Catalina
5 Aug, 2023 6:49:16 PM org.apache.catalina.core.StandardEngine start
INFO: Starting Servlet Engine: Apache Tomcat/6.0.53
5 Aug, 2023 6:49:16 PM org.apache.catalina.startup.HostConfig deployDescriptor
INFO: Deploying configuration descriptor host-manager.xml
5 Aug, 2023 6:49:17 PM org.apache.catalina.startup.HostConfig deployDescriptor
INFO: Deploying configuration descriptor manager.xml
5 Aug, 2023 6:49:17 PM org.apache.catalina.startup.HostConfig deployWAR
INFO: Deploying web application archive nutch-0.9.war
5 Aug, 2023 6:49:17 PM org.apache.catalina.startup.HostConfig deployDirectory
INFO: Deploying web application directory docs
5 Aug, 2023 6:49:17 PM org.apache.catalina.startup.HostConfig deployDirectory
INFO: Deploying web application directory examples
5 Aug, 2023 6:49:17 PM org.apache.catalina.startup.HostConfig deployDirectory
INFO: Deploying web application directory ROOT
5 Aug, 2023 6:49:17 PM org.apache.coyote.http11.Http11Protocol start
INFO: Starting Coyote HTTP/1.1 on http-8081
5 Aug, 2023 6:49:17 PM org.apache.jk.common.ChannelSocket init
INFO: JK: ajp13 listening on /0.0.0.0:8009
5 Aug, 2023 6:49:17 PM org.apache.jk.server.JkMain start
INFO: Jk running ID=0 time=0/16  config=null
5 Aug, 2023 6:49:17 PM org.apache.catalina.startup.Catalina start
INFO: Server startup in 645 ms
5 Aug, 2023 6:50:28 PM org.apache.catalina.startup.HostConfig checkResources
INFO: Undeploying context [/nutch-0.9]
5 Aug, 2023 6:50:28 PM org.apache.catalina.startup.HostConfig deployWAR
INFO: Deploying web application archive nutch-0.9.war
5 Aug, 2023 6:51:09 PM org.apache.catalina.core.AprLifecycleListener init
INFO: The APR based Apache Tomcat Native library which allows optimal performance in production environments was not found on the java.library.path: C:\Program Files\Java\jdk1.6.0_45\bin;C:\WINDOWS\Sun\Java\bin;C:\WINDOWS\system32;C:\WINDOWS;C:\cygwin64\usr\local\bin;C:\cygwin64\bin;C:\VulkanSDK\1.3.250.1\Bin;C:\Program Files\Common Files\Oracle\Java\javapath;C:\WINDOWS\system32;C:\WINDOWS;C:\WINDOWS\System32\Wbem;C:\WINDOWS\System32\WindowsPowerShell\v1.0;C:\WINDOWS\System32\OpenSSH;C:\ProgramData\chocolatey\bin;C:\Program Files\dotnet;C:\Users\ASUS\AppData\Local\Programs\Python\Python39;C:\Program Files (x86)\Vim\vim82;C:\Program Files\Git\cmd;C:\MinGW\bin;C:\Program Files\nodejs;C:\Program Files\MySQL\MySQL Server 8.0\bin;C:\Program Files (x86)\Vim\vim90;C:\Program Files\CMake\bin;C:\Program Files\opencv\build\x64\vc16\bin;C:\Users\ASUS\AppData\Local\Programs\Python\Python311\Scripts;C:\Users\ASUS\AppData\Local\Programs\Python\Python311;C:\Users\ASUS\AppData\Local\Microsoft\WindowsApps;C:\Program Files\MongoDB\Server\5.0\bin;C:\Program Files\heroku\bin;C:\Program Files\JetBrains\IntelliJ IDEA 2021.3.1\bin;C:\Users\ASUS\AppData\Local\Programs\oh-my-posh\bin;C:\Users\ASUS\AppData\Roaming\npm;C:\Program Files\JetBrains\PyCharm 2022.3\bin;C:\src\flutter\bin;C:\Users\ASUS\AppData\Local\Programs\Microsoft VS Code\bin;C:\PROGRA~1\Java\jdk1.6.0_45\bin;.
5 Aug, 2023 6:51:10 PM org.apache.coyote.http11.Http11Protocol init
INFO: Initializing Coyote HTTP/1.1 on http-8081
5 Aug, 2023 6:51:10 PM org.apache.catalina.startup.Catalina load
INFO: Initialization processed in 207 ms
5 Aug, 2023 6:51:10 PM org.apache.catalina.core.StandardService start
INFO: Starting service Catalina
5 Aug, 2023 6:51:10 PM org.apache.catalina.core.StandardEngine start
INFO: Starting Servlet Engine: Apache Tomcat/6.0.53
5 Aug, 2023 6:51:10 PM org.apache.catalina.startup.HostConfig deployDescriptor
INFO: Deploying configuration descriptor host-manager.xml
5 Aug, 2023 6:51:10 PM org.apache.catalina.startup.HostConfig deployDescriptor
INFO: Deploying configuration descriptor manager.xml
5 Aug, 2023 6:51:10 PM org.apache.catalina.startup.HostConfig deployWAR
INFO: Deploying web application archive nutch-0.9.war
5 Aug, 2023 6:51:10 PM org.apache.catalina.startup.HostConfig deployDirectory
INFO: Deploying web application directory docs
5 Aug, 2023 6:51:10 PM org.apache.catalina.startup.HostConfig deployDirectory
INFO: Deploying web application directory examples
5 Aug, 2023 6:51:10 PM org.apache.catalina.startup.HostConfig deployDirectory
INFO: Deploying web application directory ROOT
5 Aug, 2023 6:51:10 PM org.apache.coyote.http11.Http11Protocol start
INFO: Starting Coyote HTTP/1.1 on http-8081
5 Aug, 2023 6:51:10 PM org.apache.jk.common.ChannelSocket init
INFO: JK: ajp13 listening on /0.0.0.0:8009
5 Aug, 2023 6:51:10 PM org.apache.jk.server.JkMain start
INFO: Jk running ID=0 time=0/0  config=null
5 Aug, 2023 6:51:10 PM org.apache.catalina.startup.Catalina start
INFO: Server startup in 339 ms
