13 Aug, 2023 8:08:20 PM org.apache.catalina.core.AprLifecycleListener init
INFO: The APR based Apache Tomcat Native library which allows optimal performance in production environments was not found on the java.library.path: C:\Program Files\Java\jdk1.6.0_45\bin;C:\WINDOWS\Sun\Java\bin;C:\WINDOWS\system32;C:\WINDOWS;C:\cygwin64\usr\local\bin;C:\cygwin64\bin;C:\VulkanSDK\1.3.250.1\Bin;C:\Program Files\Common Files\Oracle\Java\javapath;C:\WINDOWS\system32;C:\WINDOWS;C:\WINDOWS\System32\Wbem;C:\WINDOWS\System32\WindowsPowerShell\v1.0;C:\WINDOWS\System32\OpenSSH;C:\ProgramData\chocolatey\bin;C:\Program Files\dotnet;C:\Users\ASUS\AppData\Local\Programs\Python\Python39;C:\Program Files (x86)\Vim\vim82;C:\Program Files\Git\cmd;C:\MinGW\bin;C:\Program Files\nodejs;C:\Program Files\MySQL\MySQL Server 8.0\bin;C:\Program Files (x86)\Vim\vim90;C:\Program Files\CMake\bin;C:\Program Files\opencv\build\x64\vc16\bin;C:\Users\ASUS\AppData\Local\Programs\Python\Python311\Scripts;C:\Users\ASUS\AppData\Local\Programs\Python\Python311;C:\Users\ASUS\AppData\Local\Microsoft\WindowsApps;C:\Program Files\MongoDB\Server\5.0\bin;C:\Program Files\heroku\bin;C:\Program Files\JetBrains\IntelliJ IDEA 2021.3.1\bin;C:\Users\ASUS\AppData\Local\Programs\oh-my-posh\bin;C:\Users\ASUS\AppData\Roaming\npm;C:\Program Files\JetBrains\PyCharm 2022.3\bin;C:\src\flutter\bin;C:\Users\ASUS\AppData\Local\Programs\Microsoft VS Code\bin;C:\PROGRA~1\Java\jdk1.6.0_45\bin;.
13 Aug, 2023 8:08:21 PM org.apache.coyote.http11.Http11Protocol init
INFO: Initializing Coyote HTTP/1.1 on http-8081
13 Aug, 2023 8:08:21 PM org.apache.catalina.startup.Catalina load
INFO: Initialization processed in 290 ms
13 Aug, 2023 8:08:21 PM org.apache.catalina.core.StandardService start
INFO: Starting service Catalina
13 Aug, 2023 8:08:21 PM org.apache.catalina.core.StandardEngine start
INFO: Starting Servlet Engine: Apache Tomcat/6.0.53
13 Aug, 2023 8:08:21 PM org.apache.catalina.startup.HostConfig deployDescriptor
INFO: Deploying configuration descriptor host-manager.xml
13 Aug, 2023 8:08:21 PM org.apache.catalina.startup.HostConfig deployDescriptor
INFO: Deploying configuration descriptor manager.xml
13 Aug, 2023 8:08:21 PM org.apache.catalina.startup.HostConfig deployWAR
INFO: Deploying web application archive nutch-0.9.war
13 Aug, 2023 8:08:21 PM org.apache.catalina.startup.HostConfig deployDirectory
INFO: Deploying web application directory docs
13 Aug, 2023 8:08:21 PM org.apache.catalina.startup.HostConfig deployDirectory
INFO: Deploying web application directory examples
13 Aug, 2023 8:08:21 PM org.apache.catalina.startup.HostConfig deployDirectory
INFO: Deploying web application directory ROOT
13 Aug, 2023 8:08:21 PM org.apache.coyote.http11.Http11Protocol start
INFO: Starting Coyote HTTP/1.1 on http-8081
13 Aug, 2023 8:08:21 PM org.apache.jk.common.ChannelSocket init
INFO: JK: ajp13 listening on /0.0.0.0:8009
13 Aug, 2023 8:08:21 PM org.apache.jk.server.JkMain start
INFO: Jk running ID=0 time=0/0  config=null
13 Aug, 2023 8:08:21 PM org.apache.catalina.startup.Catalina start
INFO: Server startup in 618 ms
