3 Aug, 2023 10:03:17 PM org.apache.catalina.core.ApplicationContext log
INFO: ContextListener: contextInitialized()
3 Aug, 2023 10:03:17 PM org.apache.catalina.core.ApplicationContext log
INFO: SessionListener: contextInitialized()
3 Aug, 2023 10:03:39 PM org.apache.catalina.core.ApplicationContext log
INFO: ContextListener: contextInitialized()
3 Aug, 2023 10:03:39 PM org.apache.catalina.core.ApplicationContext log
INFO: SessionListener: contextInitialized()
3 Aug, 2023 10:03:40 PM org.apache.catalina.core.ApplicationContext log
INFO: SessionListener: contextDestroyed()
3 Aug, 2023 10:03:40 PM org.apache.catalina.core.ApplicationContext log
INFO: ContextListener: contextDestroyed()
3 Aug, 2023 10:04:08 PM org.apache.catalina.core.ApplicationContext log
INFO: ContextListener: contextInitialized()
3 Aug, 2023 10:04:08 PM org.apache.catalina.core.ApplicationContext log
INFO: SessionListener: contextInitialized()
3 Aug, 2023 10:04:09 PM org.apache.catalina.core.ApplicationContext log
INFO: SessionListener: contextDestroyed()
3 Aug, 2023 10:04:09 PM org.apache.catalina.core.ApplicationContext log
INFO: ContextListener: contextDestroyed()
3 Aug, 2023 10:04:22 PM org.apache.catalina.core.ApplicationContext log
INFO: ContextListener: contextInitialized()
3 Aug, 2023 10:04:22 PM org.apache.catalina.core.ApplicationContext log
INFO: SessionListener: contextInitialized()
3 Aug, 2023 10:04:23 PM org.apache.catalina.core.ApplicationContext log
INFO: SessionListener: contextDestroyed()
3 Aug, 2023 10:04:23 PM org.apache.catalina.core.ApplicationContext log
INFO: ContextListener: contextDestroyed()
3 Aug, 2023 10:09:33 PM org.apache.catalina.core.ApplicationContext log
INFO: ContextListener: contextInitialized()
3 Aug, 2023 10:09:33 PM org.apache.catalina.core.ApplicationContext log
INFO: SessionListener: contextInitialized()
3 Aug, 2023 10:09:34 PM org.apache.catalina.core.ApplicationContext log
INFO: SessionListener: contextDestroyed()
3 Aug, 2023 10:09:34 PM org.apache.catalina.core.ApplicationContext log
INFO: ContextListener: contextDestroyed()
3 Aug, 2023 10:09:55 PM org.apache.catalina.core.ApplicationContext log
INFO: ContextListener: contextInitialized()
3 Aug, 2023 10:09:55 PM org.apache.catalina.core.ApplicationContext log
INFO: SessionListener: contextInitialized()
3 Aug, 2023 10:09:56 PM org.apache.catalina.core.ApplicationContext log
INFO: SessionListener: contextDestroyed()
3 Aug, 2023 10:09:56 PM org.apache.catalina.core.ApplicationContext log
INFO: ContextListener: contextDestroyed()
3 Aug, 2023 10:11:30 PM org.apache.catalina.core.ApplicationContext log
INFO: ContextListener: contextInitialized()
3 Aug, 2023 10:11:30 PM org.apache.catalina.core.ApplicationContext log
INFO: SessionListener: contextInitialized()
3 Aug, 2023 10:11:48 PM org.apache.catalina.core.ApplicationContext log
INFO: SessionListener: contextDestroyed()
3 Aug, 2023 10:11:48 PM org.apache.catalina.core.ApplicationContext log
INFO: ContextListener: contextDestroyed()
3 Aug, 2023 10:12:03 PM org.apache.catalina.core.ApplicationContext log
INFO: ContextListener: contextInitialized()
3 Aug, 2023 10:12:03 PM org.apache.catalina.core.ApplicationContext log
INFO: SessionListener: contextInitialized()
3 Aug, 2023 10:12:10 PM org.apache.catalina.core.ApplicationContext log
INFO: ContextListener: contextInitialized()
3 Aug, 2023 10:12:10 PM org.apache.catalina.core.ApplicationContext log
INFO: SessionListener: contextInitialized()
3 Aug, 2023 10:12:11 PM org.apache.catalina.core.ApplicationContext log
INFO: SessionListener: contextDestroyed()
3 Aug, 2023 10:12:11 PM org.apache.catalina.core.ApplicationContext log
INFO: ContextListener: contextDestroyed()
3 Aug, 2023 10:12:21 PM org.apache.catalina.core.ApplicationContext log
INFO: ContextListener: contextInitialized()
3 Aug, 2023 10:12:21 PM org.apache.catalina.core.ApplicationContext log
INFO: SessionListener: contextInitialized()
3 Aug, 2023 10:12:22 PM org.apache.catalina.core.ApplicationContext log
INFO: SessionListener: contextDestroyed()
3 Aug, 2023 10:12:22 PM org.apache.catalina.core.ApplicationContext log
INFO: ContextListener: contextDestroyed()
3 Aug, 2023 10:12:24 PM org.apache.catalina.core.ApplicationContext log
INFO: ContextListener: contextInitialized()
3 Aug, 2023 10:12:24 PM org.apache.catalina.core.ApplicationContext log
INFO: SessionListener: contextInitialized()
3 Aug, 2023 10:12:25 PM org.apache.catalina.core.ApplicationContext log
INFO: SessionListener: contextDestroyed()
3 Aug, 2023 10:12:25 PM org.apache.catalina.core.ApplicationContext log
INFO: ContextListener: contextDestroyed()
3 Aug, 2023 10:19:13 PM org.apache.catalina.core.ApplicationContext log
INFO: ContextListener: contextInitialized()
3 Aug, 2023 10:19:13 PM org.apache.catalina.core.ApplicationContext log
INFO: SessionListener: contextInitialized()
3 Aug, 2023 10:25:07 PM org.apache.catalina.core.StandardWrapperValve invoke
SEVERE: Servlet.service() for servlet jsp threw exception
org.apache.jasper.JasperException: /search.jsp(151,22) Attribute value  language + "/include/header.html" is quoted with " which must be escaped when used within the value
	at org.apache.jasper.compiler.DefaultErrorHandler.jspError(DefaultErrorHandler.java:40)
	at org.apache.jasper.compiler.ErrorDispatcher.dispatch(ErrorDispatcher.java:407)
	at org.apache.jasper.compiler.ErrorDispatcher.jspError(ErrorDispatcher.java:88)
	at org.apache.jasper.compiler.Parser.parseAttributeValue(Parser.java:256)
	at org.apache.jasper.compiler.Parser.parseAttribute(Parser.java:205)
	at org.apache.jasper.compiler.Parser.parseAttributes(Parser.java:148)
	at org.apache.jasper.compiler.Parser.parseInclude(Parser.java:826)
	at org.apache.jasper.compiler.Parser.parseStandardAction(Parser.java:1093)
	at org.apache.jasper.compiler.Parser.parseElements(Parser.java:1424)
	at org.apache.jasper.compiler.Parser.parse(Parser.java:130)
	at org.apache.jasper.compiler.ParserController.doParse(ParserController.java:255)
	at org.apache.jasper.compiler.ParserController.parse(ParserController.java:103)
	at org.apache.jasper.compiler.Compiler.generateJava(Compiler.java:185)
	at org.apache.jasper.compiler.Compiler.compile(Compiler.java:354)
	at org.apache.jasper.compiler.Compiler.compile(Compiler.java:334)
	at org.apache.jasper.compiler.Compiler.compile(Compiler.java:321)
	at org.apache.jasper.JspCompilationContext.compile(JspCompilationContext.java:592)
	at org.apache.jasper.servlet.JspServletWrapper.service(JspServletWrapper.java:328)
	at org.apache.jasper.servlet.JspServlet.serviceJspFile(JspServlet.java:321)
	at org.apache.jasper.servlet.JspServlet.service(JspServlet.java:267)
	at javax.servlet.http.HttpServlet.service(HttpServlet.java:723)
	at org.apache.catalina.core.ApplicationFilterChain.internalDoFilter(ApplicationFilterChain.java:290)
	at org.apache.catalina.core.ApplicationFilterChain.doFilter(ApplicationFilterChain.java:206)
	at org.apache.catalina.core.StandardWrapperValve.invoke(StandardWrapperValve.java:233)
	at org.apache.catalina.core.StandardContextValve.invoke(StandardContextValve.java:191)
	at org.apache.catalina.core.StandardHostValve.invoke(StandardHostValve.java:127)
	at org.apache.catalina.valves.ErrorReportValve.invoke(ErrorReportValve.java:103)
	at org.apache.catalina.core.StandardEngineValve.invoke(StandardEngineValve.java:109)
	at org.apache.catalina.connector.CoyoteAdapter.service(CoyoteAdapter.java:293)
	at org.apache.coyote.http11.Http11Processor.process(Http11Processor.java:859)
	at org.apache.coyote.http11.Http11Protocol$Http11ConnectionHandler.process(Http11Protocol.java:610)
	at org.apache.tomcat.util.net.JIoEndpoint$Worker.run(JIoEndpoint.java:503)
	at java.lang.Thread.run(Thread.java:662)
