6 Aug, 2023 11:04:24 AM org.apache.catalina.core.ApplicationContext log
INFO: ContextListener: contextInitialized()
6 Aug, 2023 11:04:24 AM org.apache.catalina.core.ApplicationContext log
INFO: SessionListener: contextInitialized()
6 Aug, 2023 8:58:08 PM org.apache.catalina.core.ApplicationContext log
INFO: ContextListener: contextInitialized()
6 Aug, 2023 8:58:08 PM org.apache.catalina.core.ApplicationContext log
INFO: SessionListener: contextInitialized()
6 Aug, 2023 10:57:22 PM org.apache.catalina.core.ApplicationContext log
INFO: ContextListener: contextInitialized()
6 Aug, 2023 10:57:22 PM org.apache.catalina.core.ApplicationContext log
INFO: SessionListener: contextInitialized()
6 Aug, 2023 10:59:04 PM org.apache.catalina.core.ApplicationContext log
INFO: SessionListener: contextDestroyed()
6 Aug, 2023 10:59:04 PM org.apache.catalina.core.ApplicationContext log
INFO: ContextListener: contextDestroyed()
6 Aug, 2023 11:00:35 PM org.apache.catalina.core.ApplicationContext log
INFO: ContextListener: contextInitialized()
6 Aug, 2023 11:00:35 PM org.apache.catalina.core.ApplicationContext log
INFO: SessionListener: contextInitialized()
